<?xml version="1.0" encoding="UTF-8"?>
<!-- Generated by org.testng.reporters.JUnitReportReporter -->
<testsuite skipped="0" hostname="Shragvi-PC" name="testCases.Test1" tests="2" failures="0" timestamp="09 May 2020 08:50:59 GMT" time="0.010" errors="0">
  <testcase name="test_login" time="0.010" classname="testCases.Test1"/>
  <testcase name="test_logout" time="0.000" classname="testCases.Test1"/>
</testsuite> <!-- testCases.Test1 -->
