<?xml version="1.0" encoding="UTF-8"?>
<!-- Generated by org.testng.reporters.JUnitReportReporter -->
<testsuite skipped="0" hostname="Shragvi-PC" name="testCases.Test2" tests="2" failures="0" timestamp="09 May 2020 08:50:59 GMT" time="0.002" errors="0">
  <testcase name="test_search" time="0.001" classname="testCases.Test2"/>
  <testcase name="test_advSearch" time="0.001" classname="testCases.Test2"/>
</testsuite> <!-- testCases.Test2 -->
